ERROR - 2024-04-01 11:39:05 --> Error connecting to the database: mysqli_sql_exception: No connection could be made because the target machine actively refused it in C:\laragon\www\n_kpsm\backend\system\Database\MySQLi\Connection.php:185
Stack trace:
#0 C:\laragon\www\n_kpsm\backend\system\Database\MySQLi\Connection.php(185): mysqli->real_connect('localhost', 'root', '', 'kpsm', 3306, '', 0)
#1 C:\laragon\www\n_kpsm\backend\system\Database\BaseConnection.php(392): CodeIgniter\Database\MySQLi\Connection->connect(false)
#2 C:\laragon\www\n_kpsm\backend\system\Database\BaseConnection.php(575): CodeIgniter\Database\BaseConnection->initialize()
#3 C:\laragon\www\n_kpsm\backend\system\Database\BaseBuilder.php(1616): CodeIgniter\Database\BaseConnection->query('SELECT *\nFROM `...', Array, false)
#4 C:\laragon\www\n_kpsm\backend\system\Model.php(243): CodeIgniter\Database\BaseBuilder->get()
#5 C:\laragon\www\n_kpsm\backend\system\BaseModel.php(638): CodeIgniter\Model->doFindAll(0, 0)
#6 C:\laragon\www\n_kpsm\backend\app\Controllers\GeneralRequestController.php(14): CodeIgniter\BaseModel->findAll()
#7 C:\laragon\www\n_kpsm\backend\system\CodeIgniter.php(943): App\Controllers\GeneralRequestController->index()
#8 C:\laragon\www\n_kpsm\backend\system\CodeIgniter.php(503): CodeIgniter\CodeIgniter->runController(Object(App\Controllers\GeneralRequestController))
#9 C:\laragon\www\n_kpsm\backend\system\CodeIgniter.php(361): CodeIgniter\CodeIgniter->handleRequest(NULL, Object(Config\Cache), false)
#10 C:\laragon\www\n_kpsm\backend\public\index.php(79): CodeIgniter\CodeIgniter->run()
#11 C:\laragon\www\n_kpsm\backend\system\Commands\Server\rewrite.php(47): require_once('C:\\laragon\\www\\...')
#12 {main}

Next CodeIgniter\Database\Exceptions\DatabaseException: No connection could be made because the target machine actively refused it in C:\laragon\www\n_kpsm\backend\system\Database\MySQLi\Connection.php:229
Stack trace:
#0 C:\laragon\www\n_kpsm\backend\system\Database\BaseConnection.php(392): CodeIgniter\Database\MySQLi\Connection->connect(false)
#1 C:\laragon\www\n_kpsm\backend\system\Database\BaseConnection.php(575): CodeIgniter\Database\BaseConnection->initialize()
#2 C:\laragon\www\n_kpsm\backend\system\Database\BaseBuilder.php(1616): CodeIgniter\Database\BaseConnection->query('SELECT *\nFROM `...', Array, false)
#3 C:\laragon\www\n_kpsm\backend\system\Model.php(243): CodeIgniter\Database\BaseBuilder->get()
#4 C:\laragon\www\n_kpsm\backend\system\BaseModel.php(638): CodeIgniter\Model->doFindAll(0, 0)
#5 C:\laragon\www\n_kpsm\backend\app\Controllers\GeneralRequestController.php(14): CodeIgniter\BaseModel->findAll()
#6 C:\laragon\www\n_kpsm\backend\system\CodeIgniter.php(943): App\Controllers\GeneralRequestController->index()
#7 C:\laragon\www\n_kpsm\backend\system\CodeIgniter.php(503): CodeIgniter\CodeIgniter->runController(Object(App\Controllers\GeneralRequestController))
#8 C:\laragon\www\n_kpsm\backend\system\CodeIgniter.php(361): CodeIgniter\CodeIgniter->handleRequest(NULL, Object(Config\Cache), false)
#9 C:\laragon\www\n_kpsm\backend\public\index.php(79): CodeIgniter\CodeIgniter->run()
#10 C:\laragon\www\n_kpsm\backend\system\Commands\Server\rewrite.php(47): require_once('C:\\laragon\\www\\...')
#11 {main}
CRITICAL - 2024-04-01 11:39:05 --> CodeIgniter\Database\Exceptions\DatabaseException: Unable to connect to the database.
Main connection [MySQLi]: No connection could be made because the target machine actively refused it
in SYSTEMPATH\Database\BaseConnection.php on line 428.
 1 SYSTEMPATH\Database\BaseConnection.php(575): CodeIgniter\Database\BaseConnection->initialize()
 2 SYSTEMPATH\Database\BaseBuilder.php(1616): CodeIgniter\Database\BaseConnection->query('SELECT *
FROM `request`', [], false)
 3 SYSTEMPATH\Model.php(243): CodeIgniter\Database\BaseBuilder->get()
 4 SYSTEMPATH\BaseModel.php(638): CodeIgniter\Model->doFindAll(0, 0)
 5 APPPATH\Controllers\GeneralRequestController.php(14): CodeIgniter\BaseModel->findAll()
 6 SYSTEMPATH\CodeIgniter.php(943): App\Controllers\GeneralRequestController->index()
 7 SYSTEMPATH\CodeIgniter.php(503): CodeIgniter\CodeIgniter->runController(Object(App\Controllers\GeneralRequestController))
 8 SYSTEMPATH\CodeIgniter.php(361): CodeIgniter\CodeIgniter->handleRequest(null, Object(Config\Cache), false)
 9 FCPATH\index.php(79): CodeIgniter\CodeIgniter->run()
10 SYSTEMPATH\Commands\Server\rewrite.php(47): require_once('C:\\laragon\\www\\n_kpsm\\backend\\public\\index.php')
CRITICAL - 2024-04-01 13:07:22 --> TypeError: CodeIgniter\Router\RouteCollection::{closure}(): Argument #1 ($routes) must be of type RouteGroup, CodeIgniter\Router\RouteCollection given, called in C:\laragon\www\n_kpsm\backend\system\Router\RouteCollection.php on line 779
in APPPATH\Config\Routes.php on line 14.
 1 SYSTEMPATH\Router\RouteCollection.php(779): CodeIgniter\Router\RouteCollection->{closure}(Object(CodeIgniter\Router\RouteCollection))
 2 APPPATH\Config\Routes.php(16): CodeIgniter\Router\RouteCollection->group('api', Object(Closure))
 3 SYSTEMPATH\Router\RouteCollection.php(345): require('C:\\laragon\\www\\n_kpsm\\backend\\app\\Config\\Routes.php')
 4 SYSTEMPATH\CLI\Console.php(39): CodeIgniter\Router\RouteCollection->loadRoutes()
 5 ROOTPATH\spark(102): CodeIgniter\CLI\Console->run()
CRITICAL - 2024-04-01 13:09:06 --> TypeError: CodeIgniter\Router\RouteCollection::{closure}(): Argument #1 ($routes) must be of type RouteGroup, CodeIgniter\Router\RouteCollection given, called in C:\laragon\www\n_kpsm\backend\system\Router\RouteCollection.php on line 779
in APPPATH\Config\Routes.php on line 13.
 1 SYSTEMPATH\Router\RouteCollection.php(779): CodeIgniter\Router\RouteCollection->{closure}(Object(CodeIgniter\Router\RouteCollection))
 2 APPPATH\Config\Routes.php(15): CodeIgniter\Router\RouteCollection->group('api', Object(Closure))
 3 SYSTEMPATH\Router\RouteCollection.php(345): require('C:\\laragon\\www\\n_kpsm\\backend\\app\\Config\\Routes.php')
 4 SYSTEMPATH\CLI\Console.php(39): CodeIgniter\Router\RouteCollection->loadRoutes()
 5 ROOTPATH\spark(102): CodeIgniter\CLI\Console->run()
CRITICAL - 2024-04-01 13:09:25 --> TypeError: CodeIgniter\Router\RouteCollection::{closure}(): Argument #1 ($routes) must be of type RouteGroup, CodeIgniter\Router\RouteCollection given, called in C:\laragon\www\n_kpsm\backend\system\Router\RouteCollection.php on line 779
in APPPATH\Config\Routes.php on line 13.
 1 SYSTEMPATH\Router\RouteCollection.php(779): CodeIgniter\Router\RouteCollection->{closure}(Object(CodeIgniter\Router\RouteCollection))
 2 APPPATH\Config\Routes.php(15): CodeIgniter\Router\RouteCollection->group('api', Object(Closure))
 3 SYSTEMPATH\Router\RouteCollection.php(345): require('C:\\laragon\\www\\n_kpsm\\backend\\app\\Config\\Routes.php')
 4 SYSTEMPATH\CLI\Console.php(39): CodeIgniter\Router\RouteCollection->loadRoutes()
 5 ROOTPATH\spark(102): CodeIgniter\CLI\Console->run()
CRITICAL - 2024-04-01 13:10:04 --> TypeError: CodeIgniter\Router\RouteCollection::{closure}(): Argument #1 ($routes) must be of type RouteGroup, CodeIgniter\Router\RouteCollection given, called in C:\laragon\www\n_kpsm\backend\system\Router\RouteCollection.php on line 779
in APPPATH\Config\Routes.php on line 13.
 1 SYSTEMPATH\Router\RouteCollection.php(779): CodeIgniter\Router\RouteCollection->{closure}(Object(CodeIgniter\Router\RouteCollection))
 2 APPPATH\Config\Routes.php(15): CodeIgniter\Router\RouteCollection->group('api', Object(Closure))
 3 SYSTEMPATH\Router\RouteCollection.php(345): require('C:\\laragon\\www\\n_kpsm\\backend\\app\\Config\\Routes.php')
 4 SYSTEMPATH\CLI\Console.php(39): CodeIgniter\Router\RouteCollection->loadRoutes()
 5 ROOTPATH\spark(102): CodeIgniter\CLI\Console->run()
CRITICAL - 2024-04-01 13:10:18 --> TypeError: CodeIgniter\Router\RouteCollection::{closure}(): Argument #1 ($routes) must be of type RouteGroup, CodeIgniter\Router\RouteCollection given, called in C:\laragon\www\n_kpsm\backend\system\Router\RouteCollection.php on line 779
in APPPATH\Config\Routes.php on line 13.
 1 SYSTEMPATH\Router\RouteCollection.php(779): CodeIgniter\Router\RouteCollection->{closure}(Object(CodeIgniter\Router\RouteCollection))
 2 APPPATH\Config\Routes.php(15): CodeIgniter\Router\RouteCollection->group('api', Object(Closure))
 3 SYSTEMPATH\Router\RouteCollection.php(345): require('C:\\laragon\\www\\n_kpsm\\backend\\app\\Config\\Routes.php')
 4 SYSTEMPATH\CLI\Console.php(39): CodeIgniter\Router\RouteCollection->loadRoutes()
 5 ROOTPATH\spark(102): CodeIgniter\CLI\Console->run()
CRITICAL - 2024-04-01 13:10:54 --> TypeError: CodeIgniter\Router\RouteCollection::{closure}(): Argument #1 ($routes) must be of type RouteGroup, CodeIgniter\Router\RouteCollection given, called in C:\laragon\www\n_kpsm\backend\system\Router\RouteCollection.php on line 779
in APPPATH\Config\Routes.php on line 11.
 1 SYSTEMPATH\Router\RouteCollection.php(779): CodeIgniter\Router\RouteCollection->{closure}(Object(CodeIgniter\Router\RouteCollection))
 2 APPPATH\Config\Routes.php(13): CodeIgniter\Router\RouteCollection->group('api', Object(Closure))
 3 SYSTEMPATH\Router\RouteCollection.php(345): require('C:\\laragon\\www\\n_kpsm\\backend\\app\\Config\\Routes.php')
 4 SYSTEMPATH\CLI\Console.php(39): CodeIgniter\Router\RouteCollection->loadRoutes()
 5 ROOTPATH\spark(102): CodeIgniter\CLI\Console->run()
CRITICAL - 2024-04-01 13:15:21 --> Error: Class "App\Controllers\ResourceController" not found
in APPPATH\Controllers\RequestController.php on line 9.
 1 SYSTEMPATH\Autoloader\Autoloader.php(311): include_once()
 2 SYSTEMPATH\Autoloader\Autoloader.php(290): CodeIgniter\Autoloader\Autoloader->includeFile('C:\\laragon\\www\\n_kpsm\\backend\\app\\Controllers\\RequestController.php')
 3 SYSTEMPATH\Autoloader\Autoloader.php(266): CodeIgniter\Autoloader\Autoloader->loadInNamespace('App\\Controllers\\RequestController')
 4 [internal function]: CodeIgniter\Autoloader\Autoloader->loadClass('App\\Controllers\\RequestController')
 5 SYSTEMPATH\CodeIgniter.php(901): class_exists('\\App\\Controllers\\RequestController', true)
 6 SYSTEMPATH\CodeIgniter.php(490): CodeIgniter\CodeIgniter->startController()
 7 SYSTEMPATH\CodeIgniter.php(361): CodeIgniter\CodeIgniter->handleRequest(null, Object(Config\Cache), false)
 8 FCPATH\index.php(79): CodeIgniter\CodeIgniter->run()
 9 SYSTEMPATH\Commands\Server\rewrite.php(47): require_once('C:\\laragon\\www\\n_kpsm\\backend\\public\\index.php')
CRITICAL - 2024-04-01 13:15:55 --> ErrorException: Array to string conversion
in APPPATH\Controllers\RequestController.php on line 24.
 1 APPPATH\Controllers\RequestController.php(24): CodeIgniter\Debug\Exceptions->errorHandler(2, 'Array to string conversion', 'C:\\laragon\\www\\n_kpsm\\backend\\app\\Controllers\\RequestController.php', 24)
 2 SYSTEMPATH\CodeIgniter.php(943): App\Controllers\RequestController->getRequest()
 3 SYSTEMPATH\CodeIgniter.php(503): CodeIgniter\CodeIgniter->runController(Object(App\Controllers\RequestController))
 4 SYSTEMPATH\CodeIgniter.php(361): CodeIgniter\CodeIgniter->handleRequest(null, Object(Config\Cache), false)
 5 FCPATH\index.php(79): CodeIgniter\CodeIgniter->run()
 6 SYSTEMPATH\Commands\Server\rewrite.php(47): require_once('C:\\laragon\\www\\n_kpsm\\backend\\public\\index.php')
CRITICAL - 2024-04-01 13:23:07 --> ErrorException: Array to string conversion
in APPPATH\Controllers\RequestController.php on line 24.
 1 APPPATH\Controllers\RequestController.php(24): CodeIgniter\Debug\Exceptions->errorHandler(2, 'Array to string conversion', 'C:\\laragon\\www\\n_kpsm\\backend\\app\\Controllers\\RequestController.php', 24)
 2 SYSTEMPATH\CodeIgniter.php(943): App\Controllers\RequestController->getRequest()
 3 SYSTEMPATH\CodeIgniter.php(503): CodeIgniter\CodeIgniter->runController(Object(App\Controllers\RequestController))
 4 SYSTEMPATH\CodeIgniter.php(361): CodeIgniter\CodeIgniter->handleRequest(null, Object(Config\Cache), false)
 5 FCPATH\index.php(79): CodeIgniter\CodeIgniter->run()
 6 SYSTEMPATH\Commands\Server\rewrite.php(47): require_once('C:\\laragon\\www\\n_kpsm\\backend\\public\\index.php')
